<?xml version="1.0" encoding="UTF-8"?>
<!-- Generated by org.testng.reporters.JUnitReportReporter -->
<testsuite skipped="0" hostname="Shyam" name="com.crm.qa.testcases.LoginPageTest" tests="3" failures="0" timestamp="05 Apr 2020 09:48:19 GMT" time="96.077" errors="0">
  <testcase name="loginPageTitleTest" time="39.375" classname="com.crm.qa.testcases.LoginPageTest"/>
  <testcase name="crmLogoImageTest" time="29.046" classname="com.crm.qa.testcases.LoginPageTest"/>
  <testcase name="loginTest" time="27.656" classname="com.crm.qa.testcases.LoginPageTest"/>
</testsuite> <!-- com.crm.qa.testcases.LoginPageTest -->
