<?xml version="1.0" encoding="UTF-8"?>
<!-- Generated by org.testng.reporters.JUnitReportReporter -->
<testsuite skipped="0" hostname="Shyam" name="com.crm.qa.extentReportListener.ExtentReport" tests="1" failures="0" timestamp="04 Apr 2020 07:32:33 GMT" time="1.088" errors="0">
  <testcase name="loginTest" time="1.088" classname="com.crm.qa.extentReportListener.ExtentReport"/>
</testsuite> <!-- com.crm.qa.extentReportListener.ExtentReport -->
