<?xml version="1.0" encoding="UTF-8"?>
<!-- Generated by org.testng.reporters.JUnitReportReporter -->
<testsuite skipped="0" hostname="Shyam" name="com.crm.qa.testcases.ContactsPageTest" tests="6" failures="0" timestamp="05 Apr 2020 09:48:20 GMT" time="307.678" errors="0">
  <testcase name="verifyContactsLabelTest" time="40.021" classname="com.crm.qa.testcases.ContactsPageTest"/>
  <testcase name="selectSingleContactNameTest" time="52.777" classname="com.crm.qa.testcases.ContactsPageTest"/>
  <testcase name="selectMultipleContactNameTest" time="52.326" classname="com.crm.qa.testcases.ContactsPageTest"/>
  <testcase name="validateCreateNewContact" time="35.157" classname="com.crm.qa.testcases.ContactsPageTest"/>
  <testcase name="validateCreateNewContact" time="85.622" classname="com.crm.qa.testcases.ContactsPageTest"/>
  <testcase name="validateCreateNewContact" time="41.775" classname="com.crm.qa.testcases.ContactsPageTest"/>
</testsuite> <!-- com.crm.qa.testcases.ContactsPageTest -->
