<?xml version="1.0" encoding="UTF-8"?>
<!-- Generated by org.testng.reporters.JUnitReportReporter -->
<testsuite skipped="0" hostname="Shyam" name="com.crm.qa.testcases.HomPageTest" tests="1" failures="0" timestamp="05 Apr 2020 10:30:51 GMT" time="26.840" errors="0">
  <testcase name="verifyContactsLinkTest" time="26.840" classname="com.crm.qa.testcases.HomPageTest"/>
</testsuite> <!-- com.crm.qa.testcases.HomPageTest -->
